<?xml version="1.0" encoding="UTF-8"?>
<!-- Generated by org.testng.reporters.JUnitReportReporter -->
<testsuite hostname="DESKTOP-0TPK9QM" failures="0" tests="1" name="Sample1.Example1" time="8.564" errors="0" timestamp="2024-11-28T18:39:56 IST" skipped="0">
  <testcase classname="Sample1.Example1" name="TC1" time="8.564"/>
  <system-out/>
</testsuite> <!-- Sample1.Example1 -->
